<?xml version="1.0" encoding="UTF-8"?>
<testng-results ignored="0" total="3" passed="3" failed="0" skipped="0">
  <reporter-output>
  </reporter-output>
  <suite started-at="2025-03-12T11:53:55 IST" name="Suite" finished-at="2025-03-12T11:54:46 IST" duration-ms="51466">
    <groups>
      <group name="cucumber">
        <method signature="AbstractTestNGCucumberTests.runScenario(io.cucumber.testng.PickleWrapper,io.cucumber.testng.FeatureWrapper)[pri:0, instance:TestRunner.DemoNG@235834f2]" name="runScenario" class="io.cucumber.testng.AbstractTestNGCucumberTests"/>
      </group> <!-- cucumber -->
    </groups>
    <test started-at="2025-03-12T11:53:55 IST" name="Test" finished-at="2025-03-12T11:54:46 IST" duration-ms="51466">
      <class name="TestRunner.DemoNG">
        <test-method is-config="true" signature="setUpClass(org.testng.ITestContext)[pri:0, instance:TestRunner.DemoNG@235834f2]" started-at="2025-03-12T11:53:55 IST" name="setUpClass" finished-at="2025-03-12T11:53:57 IST" duration-ms="1686" status="PASS">
          <params>
            <param index="0">
              <value>
                <![CDATA[org.testng.TestRunner@1174a305]]>
              </value>
            </param>
          </params>
          <reporter-output>
          </reporter-output>
        </test-method> <!-- setUpClass -->
        <test-method signature="runScenario(io.cucumber.testng.PickleWrapper,io.cucumber.testng.FeatureWrapper)[pri:0, instance:TestRunner.DemoNG@235834f2]" started-at="2025-03-12T11:53:57 IST" name="runScenario" description="Runs Cucumber Scenarios" data-provider="scenarios" finished-at="2025-03-12T11:54:08 IST" duration-ms="11051" status="PASS">
          <params>
            <param index="0">
              <value>
                <![CDATA["To check title of the Application"]]>
              </value>
            </param>
            <param index="1">
              <value>
                <![CDATA["Unknown"]]>
              </value>
            </param>
          </params>
          <reporter-output>
          </reporter-output>
        </test-method> <!-- runScenario -->
        <test-method signature="runScenario(io.cucumber.testng.PickleWrapper,io.cucumber.testng.FeatureWrapper)[pri:0, instance:TestRunner.DemoNG@235834f2]" started-at="2025-03-12T11:54:08 IST" name="runScenario" description="Runs Cucumber Scenarios" data-provider="scenarios" finished-at="2025-03-12T11:54:27 IST" duration-ms="19035" status="PASS">
          <params>
            <param index="0">
              <value>
                <![CDATA["To check Login functionality of the Application"]]>
              </value>
            </param>
            <param index="1">
              <value>
                <![CDATA["Unknown"]]>
              </value>
            </param>
          </params>
          <reporter-output>
          </reporter-output>
        </test-method> <!-- runScenario -->
        <test-method signature="runScenario(io.cucumber.testng.PickleWrapper,io.cucumber.testng.FeatureWrapper)[pri:0, instance:TestRunner.DemoNG@235834f2]" started-at="2025-03-12T11:54:27 IST" name="runScenario" description="Runs Cucumber Scenarios" data-provider="scenarios" finished-at="2025-03-12T11:54:46 IST" duration-ms="19335" status="PASS">
          <params>
            <param index="0">
              <value>
                <![CDATA["To check Login functionality of the Application"]]>
              </value>
            </param>
            <param index="1">
              <value>
                <![CDATA["Unknown"]]>
              </value>
            </param>
          </params>
          <reporter-output>
          </reporter-output>
        </test-method> <!-- runScenario -->
        <test-method is-config="true" signature="tearDownClass()[pri:0, instance:TestRunner.DemoNG@235834f2]" started-at="2025-03-12T11:54:46 IST" name="tearDownClass" finished-at="2025-03-12T11:54:46 IST" duration-ms="86" status="PASS">
          <reporter-output>
          </reporter-output>
        </test-method> <!-- tearDownClass -->
      </class> <!-- TestRunner.DemoNG -->
    </test> <!-- Test -->
  </suite> <!-- Suite -->
</testng-results>
