<?xml version="1.0" encoding="UTF-8"?>
<!-- Generated by org.testng.reporters.JUnitXMLReporter -->
<testsuite ignored="0" hostname="LenovaLaptop" failures="1" tests="1" name="Default test" time="28.085" errors="0" timestamp="2025-03-10T16:26:26 IST">
  <testcase classname="io.cucumber.testng.AbstractTestNGCucumberTests" name="runScenario" time="25.256">
    <failure type="java.lang.AssertionError" message="expected [a edited Last Name] but found [test user benakba 1fakhreddine]">
      <![CDATA[java.lang.AssertionError: expected [a edited Last Name] but found [test user benakba 1fakhreddine]
at org.testng.Assert.fail(Assert.java:111)
at org.testng.Assert.failNotEquals(Assert.java:1578)
at org.testng.Assert.assertEqualsImpl(Assert.java:150)
at org.testng.Assert.assertEquals(Assert.java:132)
at org.testng.Assert.assertEquals(Assert.java:656)
at org.testng.Assert.assertEquals(Assert.java:666)
at StepDefinition.Sample2Scenario.user_verifies_the_profile_account(Sample2Scenario.java:30)
at ✽.User verifies the Profile Account(file:///C:/Users/Admin/eclipse-workspace/PageFactoryEnabledMaven/src/test/resources/Feature/Sample3.feature:9)
]]>
    </failure>
  </testcase> <!-- runScenario -->
</testsuite> <!-- Default test -->
