<?xml version="1.0" encoding="UTF-8"?>
<!-- Generated by org.testng.reporters.JUnitReportReporter -->
<testsuite hostname="LenovaLaptop" failures="1" tests="1" name="TestRunner.DemoNG" time="25.256" errors="0" timestamp="2025-03-10T16:26:27 IST" skipped="0">
  <testcase classname="TestRunner.DemoNG" name="runScenario" time="25.256">
    <failure message="expected [a edited Last Name] but found [test user benakba 1fakhreddine]" type="java.lang.AssertionError">
      <![CDATA[java.lang.AssertionError: expected [a edited Last Name] but found [test user benakba 1fakhreddine]
at org.testng.Assert.fail(Assert.java:111)
at org.testng.Assert.failNotEquals(Assert.java:1578)
at org.testng.Assert.assertEqualsImpl(Assert.java:150)
at org.testng.Assert.assertEquals(Assert.java:132)
at org.testng.Assert.assertEquals(Assert.java:656)
at org.testng.Assert.assertEquals(Assert.java:666)
at StepDefinition.Sample2Scenario.user_verifies_the_profile_account(Sample2Scenario.java:30)
at âœ½.User verifies the Profile Account(file:///C:/Users/Admin/eclipse-workspace/PageFactoryEnabledMaven/src/test/resources/Feature/Sample3.feature:9)
]]>
    </failure>
  </testcase> <!-- runScenario -->
</testsuite> <!-- TestRunner.DemoNG -->
